<?xml version="1.0" encoding="UTF-8"?>
<!-- Generated by org.testng.reporters.JUnitReportReporter -->
<testsuite skipped="0" hostname="AsiF" name="TestRunner.XYZBank.XYZBankTestRunner" tests="3" failures="0" timestamp="2023-03-06T19:23:38 BDT" time="34.817" errors="0">
  <testcase name="runScenario" time="16.348" classname="TestRunner.XYZBank.XYZBankTestRunner"/>
  <system-out/>
  <testcase name="runScenario" time="9.643" classname="TestRunner.XYZBank.XYZBankTestRunner"/>
  <system-out/>
  <testcase name="runScenario" time="8.826" classname="TestRunner.XYZBank.XYZBankTestRunner"/>
  <system-out/>
</testsuite> <!-- TestRunner.XYZBank.XYZBankTestRunner -->
