<?xml version="1.0" encoding="UTF-8"?>
<!-- Generated by org.testng.reporters.JUnitReportReporter -->
<testsuite skipped="0" hostname="AsiF" name="TestRunner.XYZBank.XYZBankTestRunner" tests="3" failures="0" timestamp="2023-03-06T03:29:01 BDT" time="35.839" errors="0">
  <testcase name="runScenario" time="17.291" classname="TestRunner.XYZBank.XYZBankTestRunner"/>
  <system-out/>
  <testcase name="runScenario" time="8.929" classname="TestRunner.XYZBank.XYZBankTestRunner"/>
  <system-out/>
  <testcase name="runScenario" time="9.619" classname="TestRunner.XYZBank.XYZBankTestRunner"/>
  <system-out/>
</testsuite> <!-- TestRunner.XYZBank.XYZBankTestRunner -->
