<?xml version="1.0" encoding="UTF-8"?>
<!-- Generated by org.testng.reporters.JUnitReportReporter -->
<testsuite skipped="0" hostname="AsiF" name="TestRunner.XYZBank.XYZBankTestRunner" tests="3" failures="0" timestamp="2023-03-05T04:15:28 BDT" time="38.747" errors="0">
  <testcase name="runScenario" time="9.996" classname="TestRunner.XYZBank.XYZBankTestRunner"/>
  <system-out/>
  <testcase name="runScenario" time="19.607" classname="TestRunner.XYZBank.XYZBankTestRunner"/>
  <system-out/>
  <testcase name="runScenario" time="9.144" classname="TestRunner.XYZBank.XYZBankTestRunner"/>
  <system-out/>
</testsuite> <!-- TestRunner.XYZBank.XYZBankTestRunner -->
