<?xml version="1.0" encoding="UTF-8"?>
<!-- Generated by org.testng.reporters.JUnitReportReporter -->
<testsuite skipped="0" hostname="AsiF" name="TestRunner.XYZBank.XYZBankTestRunner" tests="3" failures="0" timestamp="2023-03-24T12:06:45 BDT" time="37.035" errors="0">
  <testcase name="runScenario" time="18.574" classname="TestRunner.XYZBank.XYZBankTestRunner"/>
  <system-out/>
  <testcase name="runScenario" time="8.858" classname="TestRunner.XYZBank.XYZBankTestRunner"/>
  <system-out/>
  <testcase name="runScenario" time="9.603" classname="TestRunner.XYZBank.XYZBankTestRunner"/>
  <system-out/>
</testsuite> <!-- TestRunner.XYZBank.XYZBankTestRunner -->
